#
# There is insufficient memory for the Java Runtime Environment to continue.
# Native memory allocation (malloc) failed to allocate 967696 bytes for Chunk::new
# Possible reasons:
#   The system is out of physical RAM or swap space
#   The process is running with CompressedOops enabled, and the Java Heap may be blocking the growth of the native heap
# Possible solutions:
#   Reduce memory load on the system
#   Increase physical memory or swap space
#   Check if swap backing store is full
#   Decrease Java heap size (-Xmx/-Xms)
#   Decrease number of Java threads
#   Decrease Java thread stack sizes (-Xss)
#   Set larger code cache with -XX:ReservedCodeCacheSize=
#   JVM is running with Unscaled Compressed Oops mode in which the Java heap is
#     placed in the first 4GB address space. The Java Heap base address is the
#     maximum limit for the native heap growth. Please use -XX:HeapBaseMinAddress
#     to set the Java Heap base and to place the Java Heap above 4GB virtual address.
# This output file may be truncated or incomplete.
#
#  Out of Memory Error (./src/hotspot/share/memory/arena.cpp:197), pid=11820, tid=6276
#
# JRE version: OpenJDK Runtime Environment (11.0.11+9) (build 11.0.11+9-b60-7590822)
# Java VM: OpenJDK 64-Bit Server VM (11.0.11+9-b60-7590822, mixed mode, tiered, compressed oops, g1 gc, windows-amd64)
# No core dump will be written. Minidumps are not enabled by default on client versions of Windows
#

---------------  S U M M A R Y ------------

Command Line: org.jetbrains.kotlin.cli.jvm.K2JVMCompiler @C:\Users\Dell\AndroidStudioProjects\Mediame\app\build\20220209_7625675748464719903.compiler.options

Host: Intel(R) Core(TM) i5-7200U CPU @ 2.50GHz, 4 cores, 7G,  Windows 10 , 64 bit Build 19041 (10.0.19041.1466)
Time: Wed Feb  9 04:16:18 2022 Bangladesh Standard Time elapsed time: 11.254807 seconds (0d 0h 0m 11s)

---------------  T H R E A D  ---------------

Current thread (0x000002c0062b4800):  JavaThread "C2 CompilerThread1" daemon [_thread_in_native, id=6276, stack(0x000000f10fe00000,0x000000f10ff00000)]


Current CompileTask:
C2:  11254 9442       4       org.jetbrains.kotlin.ir.util.TypeTranslator::translateTypeAnnotations (239 bytes)

Stack: [0x000000f10fe00000,0x000000f10ff00000]
Native frames: (J=compiled Java code, j=interpreted, Vv=VM code, C=native code)
V  [jvm.dll+0x5f214a]
V  [jvm.dll+0x726fb5]
V  [jvm.dll+0x7285cd]
V  [jvm.dll+0x728c83]
V  [jvm.dll+0x243278]
V  [jvm.dll+0xbc53c]
V  [jvm.dll+0xbca3c]
V  [jvm.dll+0x353e3b]
V  [jvm.dll+0x321893]
V  [jvm.dll+0x320d8a]
V  [jvm.dll+0x1fc1e2]
V  [jvm.dll+0x1fb3d4]
V  [jvm.dll+0x183d6c]
V  [jvm.dll+0x209a57]
V  [jvm.dll+0x2082a1]
V  [jvm.dll+0x6ef58f]
V  [jvm.dll+0x6e80b5]
V  [jvm.dll+0x5f1036]
C  [ucrtbase.dll+0x21bb2]
C  [KERNEL32.DLL+0x17034]
C  [ntdll.dll+0x52651]


---------------  P R O C E S S  ---------------

Threads class SMR info:
_java_thread_list=0x000002c007bf6970, length=11, elements={
0x000002c067f79000, 0x000002c0021b4000, 0x000002c0021b5800, 0x000002c0021cd800,
0x000002c0021d1000, 0x000002c0021d2800, 0x000002c0021d4000, 0x000002c0021df800,
0x000002c0021ea000, 0x000002c002c8b000, 0x000002c0062b4800
}

Java Threads: ( => current thread )
  0x000002c067f79000 JavaThread "main" [_thread_in_native, id=11540, stack(0x000000f10ed00000,0x000000f10ee00000)]
  0x000002c0021b4000 JavaThread "Reference Handler" daemon [_thread_blocked, id=6828, stack(0x000000f10f400000,0x000000f10f500000)]
  0x000002c0021b5800 JavaThread "Finalizer" daemon [_thread_blocked, id=13668, stack(0x000000f10f500000,0x000000f10f600000)]
  0x000002c0021cd800 JavaThread "Signal Dispatcher" daemon [_thread_blocked, id=13992, stack(0x000000f10f600000,0x000000f10f700000)]
  0x000002c0021d1000 JavaThread "Attach Listener" daemon [_thread_blocked, id=7856, stack(0x000000f10f700000,0x000000f10f800000)]
  0x000002c0021d2800 JavaThread "Service Thread" daemon [_thread_blocked, id=14164, stack(0x000000f10f800000,0x000000f10f900000)]
  0x000002c0021d4000 JavaThread "C2 CompilerThread0" daemon [_thread_blocked, id=10696, stack(0x000000f10f900000,0x000000f10fa00000)]
  0x000002c0021df800 JavaThread "C1 CompilerThread0" daemon [_thread_blocked, id=13764, stack(0x000000f10fa00000,0x000000f10fb00000)]
  0x000002c0021ea000 JavaThread "Sweeper thread" daemon [_thread_blocked, id=11952, stack(0x000000f10fb00000,0x000000f10fc00000)]
  0x000002c002c8b000 JavaThread "Common-Cleaner" daemon [_thread_blocked, id=12484, stack(0x000000f10fd00000,0x000000f10fe00000)]
=>0x000002c0062b4800 JavaThread "C2 CompilerThread1" daemon [_thread_in_native, id=6276, stack(0x000000f10fe00000,0x000000f10ff00000)]

Other Threads:
  0x000002c0021ad000 VMThread "VM Thread" [stack: 0x000000f10f300000,0x000000f10f400000] [id=804]
  0x000002c002c82800 WatcherThread [stack: 0x000000f10fc00000,0x000000f10fd00000] [id=11036]
  0x000002c067f90800 GCTaskThread "GC Thread#0" [stack: 0x000000f10ee00000,0x000000f10ef00000] [id=1268]
  0x000002c00303b800 GCTaskThread "GC Thread#1" [stack: 0x000000f10ff00000,0x000000f110000000] [id=6924]
  0x000002c003003000 GCTaskThread "GC Thread#2" [stack: 0x000000f110000000,0x000000f110100000] [id=12116]
  0x000002c067fc3000 ConcurrentGCThread "G1 Main Marker" [stack: 0x000000f10ef00000,0x000000f10f000000] [id=8608]
  0x000002c067fc4800 ConcurrentGCThread "G1 Conc#0" [stack: 0x000000f10f000000,0x000000f10f100000] [id=7956]
  0x000002c068054000 ConcurrentGCThread "G1 Refine#0" [stack: 0x000000f10f100000,0x000000f10f200000] [id=13948]
  0x000002c068055000 ConcurrentGCThread "G1 Young RemSet Sampling" [stack: 0x000000f10f200000,0x000000f10f300000] [id=8664]

Threads with active compile tasks:
C2 CompilerThread1  11277 9442       4       org.jetbrains.kotlin.ir.util.TypeTranslator::translateTypeAnnotations (239 bytes)

VM state:not at safepoint (normal execution)

VM Mutex/Monitor currently owned by a thread: None

Heap address: 0x0000000083800000, size: 1992 MB, Compressed Oops mode: 32-bit
Narrow klass base: 0x0000000000000000, Narrow klass shift: 3
Compressed class space size: 1073741824 Address: 0x0000000100000000

Heap:
 garbage-first heap   total 187392K, used 111600K [0x0000000083800000, 0x0000000100000000)
  region size 1024K, 64 young (65536K), 6 survivors (6144K)
 Metaspace       used 73862K, capacity 74602K, committed 74832K, reserved 1116160K
  class space    used 8133K, capacity 8422K, committed 8448K, reserved 1048576K
Heap Regions: E=young(eden), S=young(survivor), O=old, HS=humongous(starts), HC=humongous(continues), CS=collection set, F=free, A=archive, TAMS=top-at-mark-start (previous, next)
|   0|0x0000000083800000, 0x0000000083900000, 0x0000000083900000|100%|HS|  |TAMS 0x0000000083900000, 0x0000000083800000| Complete 
|   1|0x0000000083900000, 0x0000000083a00000, 0x0000000083a00000|100%|HC|  |TAMS 0x0000000083a00000, 0x0000000083900000| Complete 
|   2|0x0000000083a00000, 0x0000000083b00000, 0x0000000083b00000|100%|HC|  |TAMS 0x0000000083b00000, 0x0000000083a00000| Complete 
|   3|0x0000000083b00000, 0x0000000083c00000, 0x0000000083c00000|100%| O|  |TAMS 0x0000000083c00000, 0x0000000083b00000| Untracked 
|   4|0x0000000083c00000, 0x0000000083d00000, 0x0000000083d00000|100%| O|  |TAMS 0x0000000083d00000, 0x0000000083c00000| Untracked 
|   5|0x0000000083d00000, 0x0000000083e00000, 0x0000000083e00000|100%|HS|  |TAMS 0x0000000083e00000, 0x0000000083d00000| Complete 
|   6|0x0000000083e00000, 0x0000000083f00000, 0x0000000083f00000|100%|HC|  |TAMS 0x0000000083f00000, 0x0000000083e00000| Complete 
|   7|0x0000000083f00000, 0x0000000084000000, 0x0000000084000000|100%|HC|  |TAMS 0x0000000084000000, 0x0000000083f00000| Complete 
|   8|0x0000000084000000, 0x0000000084100000, 0x0000000084100000|100%|HS|  |TAMS 0x0000000084100000, 0x0000000084000000| Complete 
|   9|0x0000000084100000, 0x0000000084200000, 0x0000000084200000|100%|HC|  |TAMS 0x0000000084200000, 0x0000000084100000| Complete 
|  10|0x0000000084200000, 0x0000000084300000, 0x0000000084300000|100%| O|  |TAMS 0x0000000084300000, 0x0000000084200000| Untracked 
|  11|0x0000000084300000, 0x0000000084400000, 0x0000000084400000|100%| O|  |TAMS 0x0000000084400000, 0x0000000084300000| Untracked 
|  12|0x0000000084400000, 0x0000000084500000, 0x0000000084500000|100%| O|  |TAMS 0x0000000084500000, 0x0000000084400000| Untracked 
|  13|0x0000000084500000, 0x0000000084600000, 0x0000000084600000|100%| O|  |TAMS 0x0000000084600000, 0x0000000084500000| Untracked 
|  14|0x0000000084600000, 0x0000000084700000, 0x0000000084700000|100%| O|  |TAMS 0x0000000084700000, 0x0000000084600000| Untracked 
|  15|0x0000000084700000, 0x0000000084800000, 0x0000000084800000|100%| O|  |TAMS 0x0000000084800000, 0x0000000084700000| Untracked 
|  16|0x0000000084800000, 0x0000000084900000, 0x0000000084900000|100%| O|  |TAMS 0x0000000084900000, 0x0000000084800000| Untracked 
|  17|0x0000000084900000, 0x0000000084a00000, 0x0000000084a00000|100%| O|  |TAMS 0x0000000084a00000, 0x0000000084900000| Untracked 
|  18|0x0000000084a00000, 0x0000000084b00000, 0x0000000084b00000|100%| O|  |TAMS 0x0000000084b00000, 0x0000000084a00000| Untracked 
|  19|0x0000000084b00000, 0x0000000084c00000, 0x0000000084c00000|100%| O|  |TAMS 0x0000000084c00000, 0x0000000084b00000| Untracked 
|  20|0x0000000084c00000, 0x0000000084d00000, 0x0000000084d00000|100%| O|  |TAMS 0x0000000084d00000, 0x0000000084c00000| Untracked 
|  21|0x0000000084d00000, 0x0000000084e00000, 0x0000000084e00000|100%| O|  |TAMS 0x0000000084e00000, 0x0000000084d00000| Untracked 
|  22|0x0000000084e00000, 0x0000000084f00000, 0x0000000084f00000|100%| O|  |TAMS 0x0000000084f00000, 0x0000000084e00000| Untracked 
|  23|0x0000000084f00000, 0x0000000085000000, 0x0000000085000000|100%| O|  |TAMS 0x0000000085000000, 0x0000000084f00000| Untracked 
|  24|0x0000000085000000, 0x0000000085100000, 0x0000000085100000|100%| O|  |TAMS 0x0000000085100000, 0x0000000085000000| Untracked 
|  25|0x0000000085100000, 0x0000000085200000, 0x0000000085200000|100%| O|  |TAMS 0x0000000085200000, 0x0000000085100000| Untracked 
|  26|0x0000000085200000, 0x0000000085300000, 0x0000000085300000|100%| O|  |TAMS 0x0000000085300000, 0x0000000085200000| Untracked 
|  27|0x0000000085300000, 0x0000000085400000, 0x0000000085400000|100%| O|  |TAMS 0x0000000085400000, 0x0000000085300000| Untracked 
|  28|0x0000000085400000, 0x0000000085500000, 0x0000000085500000|100%| O|  |TAMS 0x0000000085500000, 0x0000000085400000| Untracked 
|  29|0x0000000085500000, 0x0000000085600000, 0x0000000085600000|100%| O|  |TAMS 0x0000000085600000, 0x0000000085500000| Untracked 
|  30|0x0000000085600000, 0x0000000085700000, 0x0000000085700000|100%| O|  |TAMS 0x0000000085700000, 0x0000000085600000| Untracked 
|  31|0x0000000085700000, 0x0000000085800000, 0x0000000085800000|100%| O|  |TAMS 0x0000000085800000, 0x0000000085700000| Untracked 
|  32|0x0000000085800000, 0x0000000085900000, 0x0000000085900000|100%| O|  |TAMS 0x0000000085900000, 0x0000000085800000| Untracked 
|  33|0x0000000085900000, 0x0000000085a00000, 0x0000000085a00000|100%| O|  |TAMS 0x0000000085a00000, 0x0000000085900000| Untracked 
|  34|0x0000000085a00000, 0x0000000085b00000, 0x0000000085b00000|100%| O|  |TAMS 0x0000000085b00000, 0x0000000085a00000| Untracked 
|  35|0x0000000085b00000, 0x0000000085c00000, 0x0000000085c00000|100%| O|  |TAMS 0x0000000085c00000, 0x0000000085b00000| Untracked 
|  36|0x0000000085c00000, 0x0000000085d00000, 0x0000000085d00000|100%| O|  |TAMS 0x0000000085d00000, 0x0000000085c00000| Untracked 
|  37|0x0000000085d00000, 0x0000000085e00000, 0x0000000085e00000|100%| O|  |TAMS 0x0000000085e00000, 0x0000000085d00000| Untracked 
|  38|0x0000000085e00000, 0x0000000085f00000, 0x0000000085f00000|100%| O|  |TAMS 0x0000000085f00000, 0x0000000085e00000| Untracked 
|  39|0x0000000085f00000, 0x0000000086000000, 0x0000000086000000|100%| O|  |TAMS 0x0000000086000000, 0x0000000085f00000| Untracked 
|  40|0x0000000086000000, 0x0000000086100000, 0x0000000086100000|100%| O|  |TAMS 0x0000000086100000, 0x0000000086000000| Untracked 
|  41|0x0000000086100000, 0x0000000086200000, 0x0000000086200000|100%| O|  |TAMS 0x0000000086200000, 0x0000000086100000| Untracked 
|  42|0x0000000086200000, 0x0000000086300000, 0x0000000086300000|100%| O|  |TAMS 0x0000000086300000, 0x0000000086200000| Untracked 
|  43|0x0000000086300000, 0x0000000086400000, 0x0000000086400000|100%| O|  |TAMS 0x0000000086400000, 0x0000000086300000| Untracked 
|  44|0x0000000086400000, 0x0000000086500000, 0x0000000086500000|100%| O|  |TAMS 0x0000000086500000, 0x0000000086400000| Untracked 
|  45|0x0000000086500000, 0x0000000086600000, 0x0000000086600000|100%| O|  |TAMS 0x0000000086600000, 0x0000000086500000| Untracked 
|  46|0x0000000086600000, 0x0000000086600000, 0x0000000086700000|  0%| F|  |TAMS 0x0000000086600000, 0x0000000086600000| Untracked 
|  47|0x0000000086700000, 0x0000000086700000, 0x0000000086800000|  0%| F|  |TAMS 0x0000000086700000, 0x0000000086700000| Untracked 
|  48|0x0000000086800000, 0x0000000086800000, 0x0000000086900000|  0%| F|  |TAMS 0x0000000086800000, 0x0000000086800000| Untracked 
|  49|0x0000000086900000, 0x0000000086900000, 0x0000000086a00000|  0%| F|  |TAMS 0x0000000086900000, 0x0000000086900000| Untracked 
|  50|0x0000000086a00000, 0x0000000086a00000, 0x0000000086b00000|  0%| F|  |TAMS 0x0000000086a00000, 0x0000000086a00000| Untracked 
|  51|0x0000000086b00000, 0x0000000086b00000, 0x0000000086c00000|  0%| F|  |TAMS 0x0000000086b00000, 0x0000000086b00000| Untracked 
|  52|0x0000000086c00000, 0x0000000086c00000, 0x0000000086d00000|  0%| F|  |TAMS 0x0000000086c00000, 0x0000000086c00000| Untracked 
|  53|0x0000000086d00000, 0x0000000086d00000, 0x0000000086e00000|  0%| F|  |TAMS 0x0000000086d00000, 0x0000000086d00000| Untracked 
|  54|0x0000000086e00000, 0x0000000086e00000, 0x0000000086f00000|  0%| F|  |TAMS 0x0000000086e00000, 0x0000000086e00000| Untracked 
|  55|0x0000000086f00000, 0x0000000086f00000, 0x0000000087000000|  0%| F|  |TAMS 0x0000000086f00000, 0x0000000086f00000| Untracked 
|  56|0x0000000087000000, 0x0000000087000000, 0x0000000087100000|  0%| F|  |TAMS 0x0000000087000000, 0x0000000087000000| Untracked 
|  57|0x0000000087100000, 0x0000000087100000, 0x0000000087200000|  0%| F|  |TAMS 0x0000000087100000, 0x0000000087100000| Untracked 
|  58|0x0000000087200000, 0x0000000087200000, 0x0000000087300000|  0%| F|  |TAMS 0x0000000087200000, 0x0000000087200000| Untracked 
|  59|0x0000000087300000, 0x0000000087300000, 0x0000000087400000|  0%| F|  |TAMS 0x0000000087300000, 0x0000000087300000| Untracked 
|  60|0x0000000087400000, 0x0000000087400000, 0x0000000087500000|  0%| F|  |TAMS 0x0000000087400000, 0x0000000087400000| Untracked 
|  61|0x0000000087500000, 0x0000000087500000, 0x0000000087600000|  0%| F|  |TAMS 0x0000000087500000, 0x0000000087500000| Untracked 
|  62|0x0000000087600000, 0x0000000087600000, 0x0000000087700000|  0%| F|  |TAMS 0x0000000087600000, 0x0000000087600000| Untracked 
|  63|0x0000000087700000, 0x0000000087700000, 0x0000000087800000|  0%| F|  |TAMS 0x0000000087700000, 0x0000000087700000| Untracked 
|  64|0x0000000087800000, 0x0000000087800000, 0x0000000087900000|  0%| F|  |TAMS 0x0000000087800000, 0x0000000087800000| Untracked 
|  65|0x0000000087900000, 0x0000000087900000, 0x0000000087a00000|  0%| F|  |TAMS 0x0000000087900000, 0x0000000087900000| Untracked 
|  66|0x0000000087a00000, 0x0000000087a00000, 0x0000000087b00000|  0%| F|  |TAMS 0x0000000087a00000, 0x0000000087a00000| Untracked 
|  67|0x0000000087b00000, 0x0000000087b00000, 0x0000000087c00000|  0%| F|  |TAMS 0x0000000087b00000, 0x0000000087b00000| Untracked 
|  68|0x0000000087c00000, 0x0000000087c00000, 0x0000000087d00000|  0%| F|  |TAMS 0x0000000087c00000, 0x0000000087c00000| Untracked 
|  69|0x0000000087d00000, 0x0000000087d00000, 0x0000000087e00000|  0%| F|  |TAMS 0x0000000087d00000, 0x0000000087d00000| Untracked 
|  70|0x0000000087e00000, 0x0000000087e00000, 0x0000000087f00000|  0%| F|  |TAMS 0x0000000087e00000, 0x0000000087e00000| Untracked 
|  71|0x0000000087f00000, 0x0000000087f00000, 0x0000000088000000|  0%| F|  |TAMS 0x0000000087f00000, 0x0000000087f00000| Untracked 
|  72|0x0000000088000000, 0x0000000088000000, 0x0000000088100000|  0%| F|  |TAMS 0x0000000088000000, 0x0000000088000000| Untracked 
|  73|0x0000000088100000, 0x0000000088100000, 0x0000000088200000|  0%| F|  |TAMS 0x0000000088100000, 0x0000000088100000| Untracked 
|  74|0x0000000088200000, 0x0000000088200000, 0x0000000088300000|  0%| F|  |TAMS 0x0000000088200000, 0x0000000088200000| Untracked 
|  75|0x0000000088300000, 0x0000000088300000, 0x0000000088400000|  0%| F|  |TAMS 0x0000000088300000, 0x0000000088300000| Untracked 
|  76|0x0000000088400000, 0x00000000884fc0c0, 0x0000000088500000| 98%| S|CS|TAMS 0x0000000088400000, 0x0000000088400000| Complete 
|  77|0x0000000088500000, 0x0000000088600000, 0x0000000088600000|100%| S|CS|TAMS 0x0000000088500000, 0x0000000088500000| Complete 
|  78|0x0000000088600000, 0x0000000088700000, 0x0000000088700000|100%| S|CS|TAMS 0x0000000088600000, 0x0000000088600000| Complete 
|  79|0x0000000088700000, 0x0000000088800000, 0x0000000088800000|100%| S|CS|TAMS 0x0000000088700000, 0x0000000088700000| Complete 
|  80|0x0000000088800000, 0x0000000088900000, 0x0000000088900000|100%| S|CS|TAMS 0x0000000088800000, 0x0000000088800000| Complete 
|  81|0x0000000088900000, 0x0000000088a00000, 0x0000000088a00000|100%| S|CS|TAMS 0x0000000088900000, 0x0000000088900000| Complete 
|  82|0x0000000088a00000, 0x0000000088a00000, 0x0000000088b00000|  0%| F|  |TAMS 0x0000000088a00000, 0x0000000088a00000| Untracked 
|  83|0x0000000088b00000, 0x0000000088b00000, 0x0000000088c00000|  0%| F|  |TAMS 0x0000000088b00000, 0x0000000088b00000| Untracked 
|  84|0x0000000088c00000, 0x0000000088c00000, 0x0000000088d00000|  0%| F|  |TAMS 0x0000000088c00000, 0x0000000088c00000| Untracked 
|  85|0x0000000088d00000, 0x0000000088d00000, 0x0000000088e00000|  0%| F|  |TAMS 0x0000000088d00000, 0x0000000088d00000| Untracked 
|  86|0x0000000088e00000, 0x0000000088e00000, 0x0000000088f00000|  0%| F|  |TAMS 0x0000000088e00000, 0x0000000088e00000| Untracked 
|  87|0x0000000088f00000, 0x0000000088f00000, 0x0000000089000000|  0%| F|  |TAMS 0x0000000088f00000, 0x0000000088f00000| Untracked 
|  88|0x0000000089000000, 0x0000000089000000, 0x0000000089100000|  0%| F|  |TAMS 0x0000000089000000, 0x0000000089000000| Untracked 
|  89|0x0000000089100000, 0x0000000089100000, 0x0000000089200000|  0%| F|  |TAMS 0x0000000089100000, 0x0000000089100000| Untracked 
|  90|0x0000000089200000, 0x0000000089200000, 0x0000000089300000|  0%| F|  |TAMS 0x0000000089200000, 0x0000000089200000| Untracked 
|  91|0x0000000089300000, 0x0000000089300000, 0x0000000089400000|  0%| F|  |TAMS 0x0000000089300000, 0x0000000089300000| Untracked 
|  92|0x0000000089400000, 0x0000000089400000, 0x0000000089500000|  0%| F|  |TAMS 0x0000000089400000, 0x0000000089400000| Untracked 
|  93|0x0000000089500000, 0x0000000089500000, 0x0000000089600000|  0%| F|  |TAMS 0x0000000089500000, 0x0000000089500000| Untracked 
|  94|0x0000000089600000, 0x0000000089600000, 0x0000000089700000|  0%| F|  |TAMS 0x0000000089600000, 0x0000000089600000| Untracked 
|  95|0x0000000089700000, 0x0000000089700000, 0x0000000089800000|  0%| F|  |TAMS 0x0000000089700000, 0x0000000089700000| Untracked 
|  96|0x0000000089800000, 0x0000000089800000, 0x0000000089900000|  0%| F|  |TAMS 0x0000000089800000, 0x0000000089800000| Untracked 
|  97|0x0000000089900000, 0x0000000089900000, 0x0000000089a00000|  0%| F|  |TAMS 0x0000000089900000, 0x0000000089900000| Untracked 
|  98|0x0000000089a00000, 0x0000000089a00000, 0x0000000089b00000|  0%| F|  |TAMS 0x0000000089a00000, 0x0000000089a00000| Untracked 
|  99|0x0000000089b00000, 0x0000000089b00000, 0x0000000089c00000|  0%| F|  |TAMS 0x0000000089b00000, 0x0000000089b00000| Untracked 
| 100|0x0000000089c00000, 0x0000000089c00000, 0x0000000089d00000|  0%| F|  |TAMS 0x0000000089c00000, 0x0000000089c00000| Untracked 
| 101|0x0000000089d00000, 0x0000000089d00000, 0x0000000089e00000|  0%| F|  |TAMS 0x0000000089d00000, 0x0000000089d00000| Untracked 
| 102|0x0000000089e00000, 0x0000000089e00000, 0x0000000089f00000|  0%| F|  |TAMS 0x0000000089e00000, 0x0000000089e00000| Untracked 
| 103|0x0000000089f00000, 0x0000000089f00000, 0x000000008a000000|  0%| F|  |TAMS 0x0000000089f00000, 0x0000000089f00000| Untracked 
| 104|0x000000008a000000, 0x000000008a000000, 0x000000008a100000|  0%| F|  |TAMS 0x000000008a000000, 0x000000008a000000| Untracked 
| 105|0x000000008a100000, 0x000000008a100000, 0x000000008a200000|  0%| F|  |TAMS 0x000000008a100000, 0x000000008a100000| Untracked 
| 106|0x000000008a200000, 0x000000008a200000, 0x000000008a300000|  0%| F|  |TAMS 0x000000008a200000, 0x000000008a200000| Untracked 
| 107|0x000000008a300000, 0x000000008a300000, 0x000000008a400000|  0%| F|  |TAMS 0x000000008a300000, 0x000000008a300000| Untracked 
| 108|0x000000008a400000, 0x000000008a400000, 0x000000008a500000|  0%| F|  |TAMS 0x000000008a400000, 0x000000008a400000| Untracked 
| 109|0x000000008a500000, 0x000000008a500000, 0x000000008a600000|  0%| F|  |TAMS 0x000000008a500000, 0x000000008a500000| Untracked 
| 110|0x000000008a600000, 0x000000008a600000, 0x000000008a700000|  0%| F|  |TAMS 0x000000008a600000, 0x000000008a600000| Untracked 
| 111|0x000000008a700000, 0x000000008a700000, 0x000000008a800000|  0%| F|  |TAMS 0x000000008a700000, 0x000000008a700000| Untracked 
| 112|0x000000008a800000, 0x000000008a800000, 0x000000008a900000|  0%| F|  |TAMS 0x000000008a800000, 0x000000008a800000| Untracked 
| 113|0x000000008a900000, 0x000000008a900000, 0x000000008aa00000|  0%| F|  |TAMS 0x000000008a900000, 0x000000008a900000| Untracked 
| 114|0x000000008aa00000, 0x000000008aa00000, 0x000000008ab00000|  0%| F|  |TAMS 0x000000008aa00000, 0x000000008aa00000| Untracked 
| 115|0x000000008ab00000, 0x000000008ab00000, 0x000000008ac00000|  0%| F|  |TAMS 0x000000008ab00000, 0x000000008ab00000| Untracked 
| 116|0x000000008ac00000, 0x000000008ac00000, 0x000000008ad00000|  0%| F|  |TAMS 0x000000008ac00000, 0x000000008ac00000| Untracked 
| 117|0x000000008ad00000, 0x000000008ad00000, 0x000000008ae00000|  0%| F|  |TAMS 0x000000008ad00000, 0x000000008ad00000| Untracked 
| 118|0x000000008ae00000, 0x000000008ae00000, 0x000000008af00000|  0%| F|  |TAMS 0x000000008ae00000, 0x000000008ae00000| Untracked 
| 119|0x000000008af00000, 0x000000008af00000, 0x000000008b000000|  0%| F|  |TAMS 0x000000008af00000, 0x000000008af00000| Untracked 
| 120|0x000000008b000000, 0x000000008b000000, 0x000000008b100000|  0%| F|  |TAMS 0x000000008b000000, 0x000000008b000000| Untracked 
| 121|0x000000008b100000, 0x000000008b100000, 0x000000008b200000|  0%| F|  |TAMS 0x000000008b100000, 0x000000008b100000| Untracked 
| 122|0x000000008b200000, 0x000000008b200000, 0x000000008b300000|  0%| F|  |TAMS 0x000000008b200000, 0x000000008b200000| Untracked 
| 123|0x000000008b300000, 0x000000008b300000, 0x000000008b400000|  0%| F|  |TAMS 0x000000008b300000, 0x000000008b300000| Untracked 
| 124|0x000000008b400000, 0x000000008b400000, 0x000000008b500000|  0%| F|  |TAMS 0x000000008b400000, 0x000000008b400000| Untracked 
| 125|0x000000008b500000, 0x000000008b600000, 0x000000008b600000|100%| E|  |TAMS 0x000000008b500000, 0x000000008b500000| Complete 
| 126|0x000000008b600000, 0x000000008b700000, 0x000000008b700000|100%| E|CS|TAMS 0x000000008b600000, 0x000000008b600000| Complete 
| 127|0x000000008b700000, 0x000000008b800000, 0x000000008b800000|100%| E|CS|TAMS 0x000000008b700000, 0x000000008b700000| Complete 
| 128|0x000000008b800000, 0x000000008b900000, 0x000000008b900000|100%| E|CS|TAMS 0x000000008b800000, 0x000000008b800000| Complete 
| 129|0x000000008b900000, 0x000000008ba00000, 0x000000008ba00000|100%| E|CS|TAMS 0x000000008b900000, 0x000000008b900000| Complete 
| 130|0x000000008ba00000, 0x000000008bb00000, 0x000000008bb00000|100%| E|CS|TAMS 0x000000008ba00000, 0x000000008ba00000| Complete 
| 131|0x000000008bb00000, 0x000000008bc00000, 0x000000008bc00000|100%| E|CS|TAMS 0x000000008bb00000, 0x000000008bb00000| Complete 
| 132|0x000000008bc00000, 0x000000008bd00000, 0x000000008bd00000|100%| E|CS|TAMS 0x000000008bc00000, 0x000000008bc00000| Complete 
| 133|0x000000008bd00000, 0x000000008be00000, 0x000000008be00000|100%| E|CS|TAMS 0x000000008bd00000, 0x000000008bd00000| Complete 
| 134|0x000000008be00000, 0x000000008bf00000, 0x000000008bf00000|100%| E|CS|TAMS 0x000000008be00000, 0x000000008be00000| Complete 
| 135|0x000000008bf00000, 0x000000008c000000, 0x000000008c000000|100%| E|CS|TAMS 0x000000008bf00000, 0x000000008bf00000| Complete 
| 136|0x000000008c000000, 0x000000008c100000, 0x000000008c100000|100%| E|CS|TAMS 0x000000008c000000, 0x000000008c000000| Complete 
| 137|0x000000008c100000, 0x000000008c200000, 0x000000008c200000|100%| E|CS|TAMS 0x000000008c100000, 0x000000008c100000| Complete 
| 138|0x000000008c200000, 0x000000008c300000, 0x000000008c300000|100%| E|CS|TAMS 0x000000008c200000, 0x000000008c200000| Complete 
| 139|0x000000008c300000, 0x000000008c400000, 0x000000008c400000|100%| E|CS|TAMS 0x000000008c300000, 0x000000008c300000| Complete 
| 140|0x000000008c400000, 0x000000008c500000, 0x000000008c500000|100%| E|CS|TAMS 0x000000008c400000, 0x000000008c400000| Complete 
| 141|0x000000008c500000, 0x000000008c600000, 0x000000008c600000|100%| E|CS|TAMS 0x000000008c500000, 0x000000008c500000| Complete 
| 142|0x000000008c600000, 0x000000008c700000, 0x000000008c700000|100%| E|CS|TAMS 0x000000008c600000, 0x000000008c600000| Complete 
| 143|0x000000008c700000, 0x000000008c800000, 0x000000008c800000|100%| E|CS|TAMS 0x000000008c700000, 0x000000008c700000| Complete 
| 144|0x000000008c800000, 0x000000008c900000, 0x000000008c900000|100%| E|CS|TAMS 0x000000008c800000, 0x000000008c800000| Complete 
| 145|0x000000008c900000, 0x000000008ca00000, 0x000000008ca00000|100%| E|CS|TAMS 0x000000008c900000, 0x000000008c900000| Complete 
| 146|0x000000008ca00000, 0x000000008cb00000, 0x000000008cb00000|100%| E|CS|TAMS 0x000000008ca00000, 0x000000008ca00000| Complete 
| 147|0x000000008cb00000, 0x000000008cc00000, 0x000000008cc00000|100%| E|CS|TAMS 0x000000008cb00000, 0x000000008cb00000| Complete 
| 148|0x000000008cc00000, 0x000000008cd00000, 0x000000008cd00000|100%| E|CS|TAMS 0x000000008cc00000, 0x000000008cc00000| Complete 
| 149|0x000000008cd00000, 0x000000008ce00000, 0x000000008ce00000|100%| E|CS|TAMS 0x000000008cd00000, 0x000000008cd00000| Complete 
| 150|0x000000008ce00000, 0x000000008cf00000, 0x000000008cf00000|100%| E|CS|TAMS 0x000000008ce00000, 0x000000008ce00000| Complete 
| 151|0x000000008cf00000, 0x000000008d000000, 0x000000008d000000|100%| E|CS|TAMS 0x000000008cf00000, 0x000000008cf00000| Complete 
| 152|0x000000008d000000, 0x000000008d100000, 0x000000008d100000|100%| E|CS|TAMS 0x000000008d000000, 0x000000008d000000| Complete 
| 153|0x000000008d100000, 0x000000008d200000, 0x000000008d200000|100%| E|CS|TAMS 0x000000008d100000, 0x000000008d100000| Complete 
| 154|0x000000008d200000, 0x000000008d300000, 0x000000008d300000|100%| E|CS|TAMS 0x000000008d200000, 0x000000008d200000| Complete 
| 155|0x000000008d300000, 0x000000008d400000, 0x000000008d400000|100%| E|CS|TAMS 0x000000008d300000, 0x000000008d300000| Complete 
| 156|0x000000008d400000, 0x000000008d500000, 0x000000008d500000|100%| E|CS|TAMS 0x000000008d400000, 0x000000008d400000| Complete 
| 157|0x000000008d500000, 0x000000008d600000, 0x000000008d600000|100%| E|CS|TAMS 0x000000008d500000, 0x000000008d500000| Complete 
| 158|0x000000008d600000, 0x000000008d700000, 0x000000008d700000|100%| E|CS|TAMS 0x000000008d600000, 0x000000008d600000| Complete 
| 159|0x000000008d700000, 0x000000008d800000, 0x000000008d800000|100%| E|CS|TAMS 0x000000008d700000, 0x000000008d700000| Complete 
| 160|0x000000008d800000, 0x000000008d900000, 0x000000008d900000|100%| E|CS|TAMS 0x000000008d800000, 0x000000008d800000| Complete 
| 161|0x000000008d900000, 0x000000008da00000, 0x000000008da00000|100%| E|CS|TAMS 0x000000008d900000, 0x000000008d900000| Complete 
| 162|0x000000008da00000, 0x000000008db00000, 0x000000008db00000|100%| E|CS|TAMS 0x000000008da00000, 0x000000008da00000| Complete 
| 163|0x000000008db00000, 0x000000008dc00000, 0x000000008dc00000|100%| E|CS|TAMS 0x000000008db00000, 0x000000008db00000| Complete 
| 164|0x000000008dc00000, 0x000000008dd00000, 0x000000008dd00000|100%| E|CS|TAMS 0x000000008dc00000, 0x000000008dc00000| Complete 
| 165|0x000000008dd00000, 0x000000008de00000, 0x000000008de00000|100%| E|CS|TAMS 0x000000008dd00000, 0x000000008dd00000| Complete 
| 166|0x000000008de00000, 0x000000008df00000, 0x000000008df00000|100%| E|CS|TAMS 0x000000008de00000, 0x000000008de00000| Complete 
| 167|0x000000008df00000, 0x000000008e000000, 0x000000008e000000|100%| E|CS|TAMS 0x000000008df00000, 0x000000008df00000| Complete 
| 168|0x000000008e000000, 0x000000008e100000, 0x000000008e100000|100%| E|CS|TAMS 0x000000008e000000, 0x000000008e000000| Complete 
| 169|0x000000008e100000, 0x000000008e200000, 0x000000008e200000|100%| E|CS|TAMS 0x000000008e100000, 0x000000008e100000| Complete 
| 170|0x000000008e200000, 0x000000008e300000, 0x000000008e300000|100%| E|CS|TAMS 0x000000008e200000, 0x000000008e200000| Complete 
| 171|0x000000008e300000, 0x000000008e400000, 0x000000008e400000|100%| E|CS|TAMS 0x000000008e300000, 0x000000008e300000| Complete 
| 172|0x000000008e400000, 0x000000008e500000, 0x000000008e500000|100%| E|CS|TAMS 0x000000008e400000, 0x000000008e400000| Complete 
| 173|0x000000008e500000, 0x000000008e600000, 0x000000008e600000|100%| E|CS|TAMS 0x000000008e500000, 0x000000008e500000| Complete 
| 174|0x000000008e600000, 0x000000008e700000, 0x000000008e700000|100%| E|CS|TAMS 0x000000008e600000, 0x000000008e600000| Complete 
| 175|0x000000008e700000, 0x000000008e800000, 0x000000008e800000|100%| E|CS|TAMS 0x000000008e700000, 0x000000008e700000| Complete 
| 176|0x000000008e800000, 0x000000008e900000, 0x000000008e900000|100%| E|CS|TAMS 0x000000008e800000, 0x000000008e800000| Complete 
| 177|0x000000008e900000, 0x000000008ea00000, 0x000000008ea00000|100%| E|CS|TAMS 0x000000008e900000, 0x000000008e900000| Complete 
| 178|0x000000008ea00000, 0x000000008eb00000, 0x000000008eb00000|100%| E|CS|TAMS 0x000000008ea00000, 0x000000008ea00000| Complete 
| 179|0x000000008eb00000, 0x000000008ec00000, 0x000000008ec00000|100%| E|CS|TAMS 0x000000008eb00000, 0x000000008eb00000| Complete 
| 180|0x000000008ec00000, 0x000000008ed00000, 0x000000008ed00000|100%| E|CS|TAMS 0x000000008ec00000, 0x000000008ec00000| Complete 
| 181|0x000000008ed00000, 0x000000008ee00000, 0x000000008ee00000|100%| E|CS|TAMS 0x000000008ed00000, 0x000000008ed00000| Complete 
| 182|0x000000008ee00000, 0x000000008ef00000, 0x000000008ef00000|100%| E|CS|TAMS 0x000000008ee00000, 0x000000008ee00000| Complete 

Card table byte_map: [0x000002c07b4c0000,0x000002c07b8b0000] _byte_map_base: 0x000002c07b0a4000

Marking Bits (Prev, Next): (CMBitMap*) 0x000002c067fba588, (CMBitMap*) 0x000002c067fba5c0
 Prev Bits: [0x000002c07bca0000, 0x000002c07dbc0000)
 Next Bits: [0x000002c07dbc0000, 0x000002c07fae0000)

Polling page: 0x000002c066930000

Metaspace:

Usage:
  Non-class:     64.63 MB capacity,    64.19 MB (>99%) used,   341.09 KB ( <1%) free+waste,   109.56 KB ( <1%) overhead. 
      Class:      8.22 MB capacity,     7.94 MB ( 97%) used,   242.60 KB (  3%) free+waste,    46.38 KB ( <1%) overhead. 
       Both:     72.85 MB capacity,    72.13 MB (>99%) used,   583.70 KB ( <1%) free+waste,   155.94 KB ( <1%) overhead. 

Virtual space:
  Non-class space:       66.00 MB reserved,      64.83 MB ( 98%) committed 
      Class space:        1.00 GB reserved,       8.25 MB ( <1%) committed 
             Both:        1.06 GB reserved,      73.08 MB (  7%) committed 

Chunk freelists:
   Non-Class:  12.00 KB
       Class:  26.00 KB
        Both:  38.00 KB

MaxMetaspaceSize: 17179869184.00 GB
CompressedClassSpaceSize: 1.00 GB

CodeHeap 'non-profiled nmethods': size=120064Kb used=4412Kb max_used=4412Kb free=115651Kb
 bounds [0x000002c073550000, 0x000002c0739a0000, 0x000002c07aa90000]
CodeHeap 'profiled nmethods': size=120000Kb used=26273Kb max_used=26273Kb free=93726Kb
 bounds [0x000002c06c020000, 0x000002c06d9d0000, 0x000002c073550000]
CodeHeap 'non-nmethods': size=5696Kb used=1273Kb max_used=1312Kb free=4422Kb
 bounds [0x000002c06ba90000, 0x000002c06bd00000, 0x000002c06c020000]
 total_blobs=10096 nmethods=9447 adapters=558
 compilation: enabled
              stopped_count=0, restarted_count=0
 full_count=0

Compilation events (20 events):
Event: 11.210 Thread 0x000002c0021df800 9467       1       org.jetbrains.kotlin.ir.declarations.impl.IrVariableImpl::getOrigin (5 bytes)
Event: 11.210 Thread 0x000002c0021df800 nmethod 9467 0x000002c073999c90 code [0x000002c073999e40, 0x000002c073999ef8]
Event: 11.210 Thread 0x000002c0021df800 9476       1       org.jetbrains.kotlin.ir.expressions.impl.IrCallImpl::getEndOffset (5 bytes)
Event: 11.210 Thread 0x000002c0021df800 nmethod 9476 0x000002c073999f90 code [0x000002c07399a140, 0x000002c07399a1f8]
Event: 11.210 Thread 0x000002c0021df800 9474       1       org.jetbrains.kotlin.ir.descriptors.IrBuiltInsOverDescriptors::getBooleanNotSymbol (5 bytes)
Event: 11.210 Thread 0x000002c0021df800 nmethod 9474 0x000002c07399a290 code [0x000002c07399a440, 0x000002c07399a4f8]
Event: 11.210 Thread 0x000002c0021df800 9475       1       org.jetbrains.kotlin.ir.expressions.impl.IrCallImpl::getStartOffset (5 bytes)
Event: 11.210 Thread 0x000002c0021df800 nmethod 9475 0x000002c07399a590 code [0x000002c07399a740, 0x000002c07399a7f8]
Event: 11.210 Thread 0x000002c0021df800 9485       1       org.jetbrains.kotlin.ir.expressions.impl.IrTypeOperatorCallImpl::getOperator (5 bytes)
Event: 11.210 Thread 0x000002c0021df800 nmethod 9485 0x000002c07399a890 code [0x000002c07399aa40, 0x000002c07399aaf8]
Event: 11.225 Thread 0x000002c0021d4000 nmethod 9444 0x000002c07399ab90 code [0x000002c07399ade0, 0x000002c07399cac8]
Event: 11.225 Thread 0x000002c0021d4000 9504       4       java.lang.StringBuilder::append (9 bytes)
Event: 11.235 Thread 0x000002c0021d4000 nmethod 9504 0x000002c07399d610 code [0x000002c07399d7e0, 0x000002c07399dea8]
Event: 11.235 Thread 0x000002c0021d4000 9367       4       org.jetbrains.kotlin.ir.util.IdSignature$CommonSignature::asPublic (2 bytes)
Event: 11.235 Thread 0x000002c0021d4000 nmethod 9367 0x000002c07399e290 code [0x000002c07399e420, 0x000002c07399e478]
Event: 11.235 Thread 0x000002c0021d4000 9384       4       org.jetbrains.kotlin.load.kotlin.JvmDescriptorTypeWriter::clearCurrentType (11 bytes)
Event: 11.236 Thread 0x000002c0021d4000 nmethod 9384 0x000002c07399e510 code [0x000002c07399e6a0, 0x000002c07399e758]
Event: 11.252 Thread 0x000002c0021d4000 9513       4       org.jetbrains.kotlin.name.Name::getIdentifier (47 bytes)
Event: 11.253 Thread 0x000002c0021d4000 nmethod 9513 0x000002c07399e810 code [0x000002c07399e9a0, 0x000002c07399ea38]
Event: 11.253 Thread 0x000002c0021d4000 9514       4       java.lang.String::indexOf (7 bytes)

GC Heap History (18 events):
Event: 0.550 GC heap before
{Heap before GC invocations=0 (full 0):
 garbage-first heap   total 129024K, used 17408K [0x0000000083800000, 0x0000000100000000)
  region size 1024K, 14 young (14336K), 0 survivors (0K)
 Metaspace       used 9816K, capacity 9938K, committed 10112K, reserved 1058816K
  class space    used 840K, capacity 885K, committed 896K, reserved 1048576K
}
Event: 0.554 GC heap after
{Heap after GC invocations=1 (full 0):
 garbage-first heap   total 129024K, used 5235K [0x0000000083800000, 0x0000000100000000)
  region size 1024K, 2 young (2048K), 2 survivors (2048K)
 Metaspace       used 9816K, capacity 9938K, committed 10112K, reserved 1058816K
  class space    used 840K, capacity 885K, committed 896K, reserved 1048576K
}
Event: 1.488 GC heap before
{Heap before GC invocations=1 (full 0):
 garbage-first heap   total 129024K, used 50291K [0x0000000083800000, 0x0000000100000000)
  region size 1024K, 47 young (48128K), 2 survivors (2048K)
 Metaspace       used 20889K, capacity 21087K, committed 21296K, reserved 1069056K
  class space    used 2214K, capacity 2312K, committed 2432K, reserved 1048576K
}
Event: 1.501 GC heap after
{Heap after GC invocations=2 (full 0):
 garbage-first heap   total 129024K, used 9159K [0x0000000083800000, 0x0000000100000000)
  region size 1024K, 6 young (6144K), 6 survivors (6144K)
 Metaspace       used 20889K, capacity 21087K, committed 21296K, reserved 1069056K
  class space    used 2214K, capacity 2312K, committed 2432K, reserved 1048576K
}
Event: 2.645 GC heap before
{Heap before GC invocations=3 (full 0):
 garbage-first heap   total 129024K, used 61383K [0x0000000083800000, 0x0000000100000000)
  region size 1024K, 52 young (53248K), 6 survivors (6144K)
 Metaspace       used 32348K, capacity 32758K, committed 32816K, reserved 1077248K
  class space    used 4050K, capacity 4214K, committed 4224K, reserved 1048576K
}
Event: 2.665 GC heap after
{Heap after GC invocations=4 (full 0):
 garbage-first heap   total 129024K, used 20530K [0x0000000083800000, 0x0000000100000000)
  region size 1024K, 7 young (7168K), 7 survivors (7168K)
 Metaspace       used 32348K, capacity 32758K, committed 32816K, reserved 1077248K
  class space    used 4050K, capacity 4214K, committed 4224K, reserved 1048576K
}
Event: 2.959 GC heap before
{Heap before GC invocations=4 (full 0):
 garbage-first heap   total 129024K, used 33842K [0x0000000083800000, 0x0000000100000000)
  region size 1024K, 21 young (21504K), 7 survivors (7168K)
 Metaspace       used 35356K, capacity 35778K, committed 35920K, reserved 1081344K
  class space    used 4372K, capacity 4538K, committed 4608K, reserved 1048576K
}
Event: 2.974 GC heap after
{Heap after GC invocations=5 (full 0):
 garbage-first heap   total 129024K, used 22112K [0x0000000083800000, 0x0000000100000000)
  region size 1024K, 2 young (2048K), 2 survivors (2048K)
 Metaspace       used 35356K, capacity 35778K, committed 35920K, reserved 1081344K
  class space    used 4372K, capacity 4538K, committed 4608K, reserved 1048576K
}
Event: 4.452 GC heap before
{Heap before GC invocations=6 (full 0):
 garbage-first heap   total 129024K, used 79456K [0x0000000083800000, 0x0000000100000000)
  region size 1024K, 57 young (58368K), 2 survivors (2048K)
 Metaspace       used 46555K, capacity 47065K, committed 47312K, reserved 1091584K
  class space    used 5504K, capacity 5713K, committed 5760K, reserved 1048576K
}
Event: 4.466 GC heap after
{Heap after GC invocations=7 (full 0):
 garbage-first heap   total 155648K, used 27538K [0x0000000083800000, 0x0000000100000000)
  region size 1024K, 7 young (7168K), 7 survivors (7168K)
 Metaspace       used 46555K, capacity 47065K, committed 47312K, reserved 1091584K
  class space    used 5504K, capacity 5713K, committed 5760K, reserved 1048576K
}
Event: 6.323 GC heap before
{Heap before GC invocations=7 (full 0):
 garbage-first heap   total 155648K, used 99218K [0x0000000083800000, 0x0000000100000000)
  region size 1024K, 77 young (78848K), 7 survivors (7168K)
 Metaspace       used 50585K, capacity 51111K, committed 51152K, reserved 1095680K
  class space    used 5774K, capacity 5990K, committed 6016K, reserved 1048576K
}
Event: 6.351 GC heap after
{Heap after GC invocations=8 (full 0):
 garbage-first heap   total 155648K, used 37691K [0x0000000083800000, 0x0000000100000000)
  region size 1024K, 10 young (10240K), 10 survivors (10240K)
 Metaspace       used 50585K, capacity 51111K, committed 51152K, reserved 1095680K
  class space    used 5774K, capacity 5990K, committed 6016K, reserved 1048576K
}
Event: 8.306 GC heap before
{Heap before GC invocations=8 (full 0):
 garbage-first heap   total 155648K, used 110395K [0x0000000083800000, 0x0000000100000000)
  region size 1024K, 81 young (82944K), 10 survivors (10240K)
 Metaspace       used 57562K, capacity 58223K, committed 58320K, reserved 1101824K
  class space    used 6481K, capacity 6711K, committed 6784K, reserved 1048576K
}
Event: 8.341 GC heap after
{Heap after GC invocations=9 (full 0):
 garbage-first heap   total 155648K, used 47310K [0x0000000083800000, 0x0000000100000000)
  region size 1024K, 10 young (10240K), 10 survivors (10240K)
 Metaspace       used 57562K, capacity 58223K, committed 58320K, reserved 1101824K
  class space    used 6481K, capacity 6711K, committed 6784K, reserved 1048576K
}
Event: 8.508 GC heap before
{Heap before GC invocations=9 (full 0):
 garbage-first heap   total 155648K, used 52430K [0x0000000083800000, 0x0000000100000000)
  region size 1024K, 16 young (16384K), 10 survivors (10240K)
 Metaspace       used 59558K, capacity 60185K, committed 60296K, reserved 1103872K
  class space    used 6702K, capacity 6981K, committed 7040K, reserved 1048576K
}
Event: 8.527 GC heap after
{Heap after GC invocations=10 (full 0):
 garbage-first heap   total 155648K, used 49152K [0x0000000083800000, 0x0000000100000000)
  region size 1024K, 2 young (2048K), 2 survivors (2048K)
 Metaspace       used 59558K, capacity 60185K, committed 60296K, reserved 1103872K
  class space    used 6702K, capacity 6981K, committed 7040K, reserved 1048576K
}
Event: 10.180 GC heap before
{Heap before GC invocations=11 (full 0):
 garbage-first heap   total 155648K, used 118784K [0x0000000083800000, 0x0000000100000000)
  region size 1024K, 70 young (71680K), 2 survivors (2048K)
 Metaspace       used 69259K, capacity 70014K, committed 70096K, reserved 1112064K
  class space    used 7708K, capacity 8002K, committed 8064K, reserved 1048576K
}
Event: 10.206 GC heap after
{Heap after GC invocations=12 (full 0):
 garbage-first heap   total 187392K, used 53744K [0x0000000083800000, 0x0000000100000000)
  region size 1024K, 6 young (6144K), 6 survivors (6144K)
 Metaspace       used 69259K, capacity 70014K, committed 70096K, reserved 1112064K
  class space    used 7708K, capacity 8002K, committed 8064K, reserved 1048576K
}

Deoptimization events (20 events):
Event: 10.818 Thread 0x000002c067f79000 DEOPT PACKING pc=0x000002c0739369e0 sp=0x000000f10edfca90
Event: 10.818 Thread 0x000002c067f79000 DEOPT UNPACKING pc=0x000002c06bab662f sp=0x000000f10edfca18 mode 2
Event: 10.825 Thread 0x000002c067f79000 DEOPT PACKING pc=0x000002c073955de4 sp=0x000000f10edfda70
Event: 10.825 Thread 0x000002c067f79000 DEOPT UNPACKING pc=0x000002c06bab6dde sp=0x000000f10edfce90 mode 0
Event: 10.858 Thread 0x000002c067f79000 Uncommon trap: trap_request=0xffffffc6 fr.pc=0x000002c0738a8d08 relative=0x0000000000000d48
Event: 10.858 Thread 0x000002c067f79000 Uncommon trap: reason=bimorphic_or_optimized_type_check action=maybe_recompile pc=0x000002c0738a8d08 method=kotlin.text.StringsKt__AppendableKt.appendElement(Ljava/lang/Appendable;Ljava/lang/Object;Lkotlin/jvm/functions/Function1;)V @ 14 c2
Event: 10.858 Thread 0x000002c067f79000 DEOPT PACKING pc=0x000002c0738a8d08 sp=0x000000f10edfd690
Event: 10.858 Thread 0x000002c067f79000 DEOPT UNPACKING pc=0x000002c06bab662f sp=0x000000f10edfd668 mode 2
Event: 10.858 Thread 0x000002c067f79000 Uncommon trap: trap_request=0xffffffc6 fr.pc=0x000002c0738a8d08 relative=0x0000000000000d48
Event: 10.858 Thread 0x000002c067f79000 Uncommon trap: reason=bimorphic_or_optimized_type_check action=maybe_recompile pc=0x000002c0738a8d08 method=kotlin.text.StringsKt__AppendableKt.appendElement(Ljava/lang/Appendable;Ljava/lang/Object;Lkotlin/jvm/functions/Function1;)V @ 14 c2
Event: 10.858 Thread 0x000002c067f79000 DEOPT PACKING pc=0x000002c0738a8d08 sp=0x000000f10edfd690
Event: 10.858 Thread 0x000002c067f79000 DEOPT UNPACKING pc=0x000002c06bab662f sp=0x000000f10edfd668 mode 2
Event: 10.859 Thread 0x000002c067f79000 Uncommon trap: trap_request=0xffffffc6 fr.pc=0x000002c0738a8d08 relative=0x0000000000000d48
Event: 10.859 Thread 0x000002c067f79000 Uncommon trap: reason=bimorphic_or_optimized_type_check action=maybe_recompile pc=0x000002c0738a8d08 method=kotlin.text.StringsKt__AppendableKt.appendElement(Ljava/lang/Appendable;Ljava/lang/Object;Lkotlin/jvm/functions/Function1;)V @ 14 c2
Event: 10.859 Thread 0x000002c067f79000 DEOPT PACKING pc=0x000002c0738a8d08 sp=0x000000f10edfd690
Event: 10.859 Thread 0x000002c067f79000 DEOPT UNPACKING pc=0x000002c06bab662f sp=0x000000f10edfd668 mode 2
Event: 10.859 Thread 0x000002c067f79000 Uncommon trap: trap_request=0xffffffc6 fr.pc=0x000002c0738a8d08 relative=0x0000000000000d48
Event: 10.859 Thread 0x000002c067f79000 Uncommon trap: reason=bimorphic_or_optimized_type_check action=maybe_recompile pc=0x000002c0738a8d08 method=kotlin.text.StringsKt__AppendableKt.appendElement(Ljava/lang/Appendable;Ljava/lang/Object;Lkotlin/jvm/functions/Function1;)V @ 14 c2
Event: 10.859 Thread 0x000002c067f79000 DEOPT PACKING pc=0x000002c0738a8d08 sp=0x000000f10edfd690
Event: 10.859 Thread 0x000002c067f79000 DEOPT UNPACKING pc=0x000002c06bab662f sp=0x000000f10edfd668 mode 2

Classes redefined (0 events):
No events

Internal exceptions (20 events):
Event: 3.742 Thread 0x000002c067f79000 Exception <a 'java/lang/NoSuchMethodError'{0x00000000890b8680}: 'java.lang.Object java.lang.invoke.Invokers$Holder.linkToTargetMethod(java.lang.Object, java.lang.Object, int, java.lang.Object)'> (0x00000000890b8680) thrown at [./src/hotspot/share/interpreter/linkResolver.cpp, line 773]
Event: 5.201 Thread 0x000002c067f79000 Exception <a 'java/lang/NoSuchMethodError'{0x000000008acd7018}: 'java.lang.Object java.lang.invoke.DirectMethodHandle$Holder.invokeSpecial(java.lang.Object, java.lang.Object, java.lang.Object, java.lang.Object, java.lang.Object, java.lang.Object, java.lang.Object, java.lang.Object, java.lang.Object)'> (0x000000008acd7018) thrown at [./src/hotspot/share/interpreter/linkResolver.cpp, line 773]
Event: 5.201 Thread 0x000002c067f79000 Exception <a 'java/lang/NoSuchMethodError'{0x000000008acdb210}: 'java.lang.Object java.lang.invoke.Invokers$Holder.linkToTargetMethod(java.lang.Object, java.lang.Object, java.lang.Object, java.lang.Object, java.lang.Object, java.lang.Object, java.lang.Object, java.lang.Object)'> (0x000000008acdb210) thrown at [./src/hotspot/share/interpreter/linkResolver.cpp, line 773]
Event: 5.310 Thread 0x000002c067f79000 Exception <a 'java/lang/NoSuchMethodError'{0x000000008a925170}: 'int java.lang.invoke.DirectMethodHandle$Holder.invokeInterface(java.lang.Object, java.lang.Object)'> (0x000000008a925170) thrown at [./src/hotspot/share/interpreter/linkResolver.cpp, line 773]
Event: 5.415 Thread 0x000002c067f79000 Exception <a 'java/lang/NoSuchMethodError'{0x000000008a7840c8}: 'java.lang.Object java.lang.invoke.DirectMethodHandle$Holder.invokeStaticInit(java.lang.Object, java.lang.Object, java.lang.Object)'> (0x000000008a7840c8) thrown at [./src/hotspot/share/interpreter/linkResolver.cpp, line 773]
Event: 5.422 Thread 0x000002c067f79000 Exception <a 'java/lang/NoSuchMethodError'{0x000000008a79ed88}: 'java.lang.Object java.lang.invoke.DirectMethodHandle$Holder.invokeStatic(java.lang.Object, int, java.lang.Object, java.lang.Object)'> (0x000000008a79ed88) thrown at [./src/hotspot/share/interpreter/linkResolver.cpp, line 773]
Event: 6.690 Thread 0x000002c067f79000 Exception <a 'java/lang/NoSuchMethodError'{0x000000008b962320}: 'java.lang.Object java.lang.invoke.Invokers$Holder.linkToTargetMethod(java.lang.Object, java.lang.Object, java.lang.Object, int, int, java.lang.Object)'> (0x000000008b962320) thrown at [./src/hotspot/share/interpreter/linkResolver.cpp, line 773]
Event: 6.736 Thread 0x000002c067f79000 Exception <a 'java/lang/NoSuchMethodError'{0x000000008b71c9b8}: 'java.lang.Object java.lang.invoke.Invokers$Holder.linkToTargetMethod(java.lang.Object, java.lang.Object, java.lang.Object, java.lang.Object, java.lang.Object, java.lang.Object)'> (0x000000008b71c9b8) thrown at [./src/hotspot/share/interpreter/linkResolver.cpp, line 773]
Event: 6.919 Thread 0x000002c067f79000 Implicit null exception at 0x000002c07366944c to 0x000002c073669528
Event: 7.096 Thread 0x000002c067f79000 Implicit null exception at 0x000002c0735a9ade to 0x000002c0735aa24a
Event: 7.220 Thread 0x000002c067f79000 Exception <a 'java/lang/NoSuchMethodError'{0x000000008a1069f8}: 'java.lang.Object java.lang.invoke.DirectMethodHandle$Holder.invokeInterface(java.lang.Object, java.lang.Object, java.lang.Object)'> (0x000000008a1069f8) thrown at [./src/hotspot/share/interpreter/linkResolver.cpp, line 773]
Event: 7.220 Thread 0x000002c067f79000 Exception <a 'java/lang/IncompatibleClassChangeError'{0x000000008a109c28}: Found class java.lang.Object, but interface was expected> (0x000000008a109c28) thrown at [./src/hotspot/share/interpreter/linkResolver.cpp, line 839]
Event: 7.347 Thread 0x000002c067f79000 Exception <a 'java/lang/NoSuchMethodError'{0x000000008a0e4ca8}: 'int java.lang.invoke.DirectMethodHandle$Holder.invokeStaticInit(java.lang.Object, int)'> (0x000000008a0e4ca8) thrown at [./src/hotspot/share/interpreter/linkResolver.cpp, line 773]
Event: 7.997 Thread 0x000002c067f79000 Exception <a 'java/lang/NoSuchMethodError'{0x0000000089037f48}: 'java.lang.Object java.lang.invoke.Invokers$Holder.linkToTargetMethod(java.lang.Object, java.lang.Object, java.lang.Object, java.lang.Object, java.lang.Object, java.lang.Object, java.lang.Object)'> (0x0000000089037f48) thrown at [./src/hotspot/share/interpreter/linkResolver.cpp, line 773]
Event: 8.045 Thread 0x000002c067f79000 Implicit null exception at 0x000002c07378aa7c to 0x000002c07378bb04
Event: 8.148 Thread 0x000002c067f79000 Implicit null exception at 0x000002c0735a6df5 to 0x000002c0735a6fbc
Event: 8.417 Thread 0x000002c067f79000 Implicit null exception at 0x000002c0736a5cfe to 0x000002c0736a5f48
Event: 8.588 Thread 0x000002c067f79000 Exception <a 'java/lang/NoSuchMethodError'{0x000000008cd483b8}: 'java.lang.Object java.lang.invoke.DirectMethodHandle$Holder.invokeStaticInit(java.lang.Object, java.lang.Object, java.lang.Object, java.lang.Object)'> (0x000000008cd483b8) thrown at [./src/hotspot/share/interpreter/linkResolver.cpp, line 773]
Event: 8.891 Thread 0x000002c067f79000 Exception <a 'java/lang/NoSuchMethodError'{0x000000008be713d8}: 'int java.lang.invoke.DirectMethodHandle$Holder.invokeStaticInit(java.lang.Object, java.lang.Object, java.lang.Object, java.lang.Object)'> (0x000000008be713d8) thrown at [./src/hotspot/share/interpreter/linkResolver.cpp, line 773]
Event: 10.810 Thread 0x000002c067f79000 Implicit null exception at 0x000002c0735b3a74 to 0x000002c0735b3c8c

Events (20 events):
Event: 11.233 loading class org/jetbrains/org/objectweb/asm/util/CheckSignatureAdapter$State
Event: 11.233 loading class org/jetbrains/org/objectweb/asm/util/CheckSignatureAdapter$State done
Event: 11.234 loading class org/jetbrains/kotlin/backend/jvm/codegen/PossiblyInnerIrType
Event: 11.234 loading class org/jetbrains/kotlin/backend/jvm/codegen/PossiblyInnerIrType done
Event: 11.235 loading class org/jetbrains/kotlin/backend/jvm/codegen/IrTypeMapper$writeGenericArguments$1$1
Event: 11.235 loading class org/jetbrains/kotlin/backend/jvm/codegen/IrTypeMapper$writeGenericArguments$1$1 done
Event: 11.235 loading class org/jetbrains/kotlin/codegen/state/TypeMappingUtil
Event: 11.235 loading class org/jetbrains/kotlin/codegen/state/TypeMappingUtil done
Event: 11.251 loading class org/jetbrains/kotlin/types/checker/ClassicTypeSystemContextKt$WhenMappings
Event: 11.251 loading class org/jetbrains/kotlin/types/checker/ClassicTypeSystemContextKt$WhenMappings done
Event: 11.251 loading class org/jetbrains/kotlin/codegen/signature/BothSignatureWriter$1
Event: 11.251 loading class org/jetbrains/kotlin/codegen/signature/BothSignatureWriter$1 done
Event: 11.252 loading class org/jetbrains/kotlin/types/UtilsKt
Event: 11.252 loading class org/jetbrains/kotlin/types/UtilsKt done
Event: 11.252 loading class org/jetbrains/kotlin/resolve/jvm/jvmSignature/JvmClassSignature
Event: 11.252 loading class org/jetbrains/kotlin/resolve/jvm/jvmSignature/JvmClassSignature done
Event: 11.253 loading class kotlin/text/DelimitedRangesSequence
Event: 11.253 loading class kotlin/text/DelimitedRangesSequence done
Event: 11.253 loading class kotlin/text/StringsKt__StringsKt$rangesDelimitedBy$1
Event: 11.253 loading class kotlin/text/StringsKt__StringsKt$rangesDelimitedBy$1 done


Dynamic libraries:
0x00007ff759b60000 - 0x00007ff759b6a000 	C:\Program Files\Android\Android Studio\jre\bin\java.exe
0x00007ff879390000 - 0x00007ff879585000 	C:\WINDOWS\SYSTEM32\ntdll.dll
0x00007ff878110000 - 0x00007ff8781ce000 	C:\WINDOWS\System32\KERNEL32.DLL
0x00007ff876b80000 - 0x00007ff876e48000 	C:\WINDOWS\System32\KERNELBASE.dll
0x00007ff876e50000 - 0x00007ff876f50000 	C:\WINDOWS\System32\ucrtbase.dll
0x00007ff85beb0000 - 0x00007ff85bec7000 	C:\Program Files\Android\Android Studio\jre\bin\VCRUNTIME140.dll
0x00007ff855ce0000 - 0x00007ff855cf9000 	C:\Program Files\Android\Android Studio\jre\bin\jli.dll
0x00007ff877810000 - 0x00007ff8779b1000 	C:\WINDOWS\System32\USER32.dll
0x00007ff8770b0000 - 0x00007ff8770d2000 	C:\WINDOWS\System32\win32u.dll
0x00007ff863120000 - 0x00007ff8633ba000 	C:\WINDOWS\WinSxS\amd64_microsoft.windows.common-controls_6595b64144ccf1df_6.0.19041.1110_none_60b5254171f9507e\COMCTL32.dll
0x00007ff878cc0000 - 0x00007ff878ceb000 	C:\WINDOWS\System32\GDI32.dll
0x00007ff877c50000 - 0x00007ff877cee000 	C:\WINDOWS\System32\msvcrt.dll
0x00007ff8771d0000 - 0x00007ff8772dd000 	C:\WINDOWS\System32\gdi32full.dll
0x00007ff877330000 - 0x00007ff8773cd000 	C:\WINDOWS\System32\msvcp_win.dll
0x00007ff879320000 - 0x00007ff879350000 	C:\WINDOWS\System32\IMM32.DLL
0x00007ff8410e0000 - 0x00007ff84117d000 	C:\Program Files\Android\Android Studio\jre\bin\msvcp140.dll
0x00007ff801f90000 - 0x00007ff802a65000 	C:\Program Files\Android\Android Studio\jre\bin\server\jvm.dll
0x00007ff878bb0000 - 0x00007ff878c5e000 	C:\WINDOWS\System32\ADVAPI32.dll
0x00007ff877f30000 - 0x00007ff877fcc000 	C:\WINDOWS\System32\sechost.dll
0x00007ff877cf0000 - 0x00007ff877e15000 	C:\WINDOWS\System32\RPCRT4.dll
0x00007ff879310000 - 0x00007ff879318000 	C:\WINDOWS\System32\PSAPI.DLL
0x00007ff862380000 - 0x00007ff8623a7000 	C:\WINDOWS\SYSTEM32\WINMM.dll
0x00007ff860780000 - 0x00007ff860789000 	C:\WINDOWS\SYSTEM32\WSOCK32.dll
0x00007ff86d8f0000 - 0x00007ff86d8fa000 	C:\WINDOWS\SYSTEM32\VERSION.dll
0x00007ff878e20000 - 0x00007ff878e8b000 	C:\WINDOWS\System32\WS2_32.dll
0x00007ff875320000 - 0x00007ff875332000 	C:\WINDOWS\SYSTEM32\kernel.appcore.dll
0x00007ff8701c0000 - 0x00007ff8701d1000 	C:\Program Files\Android\Android Studio\jre\bin\verify.dll
0x00007ff874880000 - 0x00007ff874a64000 	C:\WINDOWS\SYSTEM32\DBGHELP.DLL
0x00007ff85de30000 - 0x00007ff85de5c000 	C:\WINDOWS\SYSTEM32\dbgcore.DLL
0x00007ff877140000 - 0x00007ff8771c2000 	C:\WINDOWS\System32\bcryptPrimitives.dll
0x00007ff8646c0000 - 0x00007ff8646e9000 	C:\Program Files\Android\Android Studio\jre\bin\java.dll
0x00007ff86e3e0000 - 0x00007ff86e3eb000 	C:\Program Files\Android\Android Studio\jre\bin\jimage.dll
0x00007ff865420000 - 0x00007ff865438000 	C:\Program Files\Android\Android Studio\jre\bin\zip.dll
0x00007ff878460000 - 0x00007ff878ba4000 	C:\WINDOWS\System32\SHELL32.dll
0x00007ff874b70000 - 0x00007ff875305000 	C:\WINDOWS\SYSTEM32\windows.storage.dll
0x00007ff8773e0000 - 0x00007ff877735000 	C:\WINDOWS\System32\combase.dll
0x00007ff8764f0000 - 0x00007ff87651e000 	C:\WINDOWS\SYSTEM32\Wldp.dll
0x00007ff877e20000 - 0x00007ff877ecd000 	C:\WINDOWS\System32\SHCORE.dll
0x00007ff877fd0000 - 0x00007ff878025000 	C:\WINDOWS\System32\shlwapi.dll
0x00007ff8769e0000 - 0x00007ff8769ff000 	C:\WINDOWS\SYSTEM32\profapi.dll
0x00007ff8646a0000 - 0x00007ff8646ba000 	C:\Program Files\Android\Android Studio\jre\bin\net.dll
0x00007ff864560000 - 0x00007ff86466c000 	C:\WINDOWS\SYSTEM32\WINHTTP.dll
0x00007ff876250000 - 0x00007ff8762ba000 	C:\WINDOWS\system32\mswsock.dll
0x00007ff855e70000 - 0x00007ff855e84000 	C:\Program Files\Android\Android Studio\jre\bin\nio.dll

dbghelp: loaded successfully - version: 4.0.5 - missing functions: none
symbol engine: initialized successfully - sym options: 0x614 - pdb path: .;C:\Program Files\Android\Android Studio\jre\bin;C:\WINDOWS\SYSTEM32;C:\WINDOWS\WinSxS\amd64_microsoft.windows.common-controls_6595b64144ccf1df_6.0.19041.1110_none_60b5254171f9507e;C:\Program Files\Android\Android Studio\jre\bin\server

VM Arguments:
java_command: org.jetbrains.kotlin.cli.jvm.K2JVMCompiler @C:\Users\Dell\AndroidStudioProjects\Mediame\app\build\20220209_7625675748464719903.compiler.options
java_class_path (initial): C:\Users\Dell\.gradle\caches\modules-2\files-2.1\org.jetbrains.kotlin\kotlin-compiler-embeddable\1.6.10\88f2073f4020cdb83132cfe940ceb9a60aba54ea\kotlin-compiler-embeddable-1.6.10.jar;C:\Users\Dell\.gradle\caches\modules-2\files-2.1\org.jetbrains.kotlin\kotlin-reflect\1.6.10\1cbe9c92c12a94eea200d23c2bbaedaf3daf5132\kotlin-reflect-1.6.10.jar;C:\Users\Dell\.gradle\caches\modules-2\files-2.1\org.jetbrains.kotlin\kotlin-stdlib\1.6.10\b8af3fe6f1ca88526914929add63cf5e7c5049af\kotlin-stdlib-1.6.10.jar;C:\Users\Dell\.gradle\caches\modules-2\files-2.1\org.jetbrains.kotlin\kotlin-script-runtime\1.6.10\d0a7ff2e2500ef497ed0214ae40ad3c8387a6164\kotlin-script-runtime-1.6.10.jar;C:\Users\Dell\.gradle\caches\modules-2\files-2.1\org.jetbrains.kotlin\kotlin-daemon-embeddable\1.6.10\a56d79bcbea411fa6058e4ecffc2de73e742bd2a\kotlin-daemon-embeddable-1.6.10.jar;C:\Users\Dell\.gradle\caches\modules-2\files-2.1\org.jetbrains.intellij.deps\trove4j\1.0.20181211\216c2e14b070f334479d800987affe4054cd563f\trove4j-1.0.20181211.jar;C:\Users\Dell\.gradle\caches\modules-2\files-2.1\net.java.dev.jna\jna\5.6.0\330f2244e9030119ab3030fc3fededc86713d9cc\jna-5.6.0.jar;C:\Users\Dell\.gradle\caches\modules-2\files-2.1\org.jetbrains\annotations\13.0\919f0dfe192fb4e063e7dacadee7f8bb9a2672a9\annotations-13.0.jar;C:\Users\Dell\.gradle\caches\modules-2\files-2.1\org.jetbrains.kotlin\kotlin-stdlib-common\1.6.10\c118700e3a33c8a0d9adc920e9dec0831171925\kotlin-stdlib-common-1.6.10.jar
Launcher Type: SUN_STANDARD

[Global flags]
     intx CICompilerCount                          = 3                                         {product} {ergonomic}
     uint ConcGCThreads                            = 1                                         {product} {ergonomic}
     uint G1ConcRefinementThreads                  = 4                                         {product} {ergonomic}
   size_t G1HeapRegionSize                         = 1048576                                   {product} {ergonomic}
    uintx GCDrainStackTargetSize                   = 64                                        {product} {ergonomic}
   size_t InitialHeapSize                          = 132120576                                 {product} {ergonomic}
   size_t MarkStackSize                            = 4194304                                   {product} {ergonomic}
   size_t MaxHeapSize                              = 2088763392                                {product} {ergonomic}
   size_t MaxNewSize                               = 1253048320                                {product} {ergonomic}
   size_t MinHeapDeltaBytes                        = 1048576                                   {product} {ergonomic}
    uintx NonNMethodCodeHeapSize                   = 5830732                                {pd product} {ergonomic}
    uintx NonProfiledCodeHeapSize                  = 122913754                              {pd product} {ergonomic}
    uintx ProfiledCodeHeapSize                     = 122913754                              {pd product} {ergonomic}
    uintx ReservedCodeCacheSize                    = 251658240                              {pd product} {ergonomic}
     bool SegmentedCodeCache                       = true                                      {product} {ergonomic}
     bool UseCompressedClassPointers               = true                                 {lp64_product} {ergonomic}
     bool UseCompressedOops                        = true                                 {lp64_product} {ergonomic}
     bool UseG1GC                                  = true                                      {product} {ergonomic}
     bool UseLargePagesIndividualAllocation        = false                                  {pd product} {ergonomic}

Logging:
Log output configuration:
 #0: stdout all=warning uptime,level,tags
 #1: stderr all=off uptime,level,tags

Environment Variables:
PATH=C:\WINDOWS\system32;C:\WINDOWS;C:\WINDOWS\System32\Wbem;C:\WINDOWS\System32\WindowsPowerShell\v1.0\;C:\WINDOWS\System32\OpenSSH\;C:\Program Files\Dart\dart-sdk\bin;C:\Program Files\Git\cmd;C:\Users\Dell\AppData\Local\Microsoft\WindowsApps;
USERNAME=Dell
OS=Windows_NT
PROCESSOR_IDENTIFIER=Intel64 Family 6 Model 142 Stepping 9, GenuineIntel



---------------  S Y S T E M  ---------------

OS: Windows 10 , 64 bit Build 19041 (10.0.19041.1466)
OS uptime: 1 days 3:09 hours

CPU:total 4 (initial active 4) (2 cores per cpu, 2 threads per core) family 6 model 142 stepping 9 microcode 0xb4, cmov, cx8, fxsr, mmx, sse, sse2, sse3, ssse3, sse4.1, sse4.2, popcnt, avx, avx2, aes, clmul, erms, 3dnowpref, lzcnt, ht, tsc, tscinvbit, bmi1, bmi2, adx, fma

Memory: 4k page, system-wide physical 7960M (477M free)
TotalPageFile size 12056M (AvailPageFile size 5M)
current process WorkingSet (physical memory assigned to process): 354M, peak: 354M
current process commit charge ("private bytes"): 401M, peak: 401M

vm_info: OpenJDK 64-Bit Server VM (11.0.11+9-b60-7590822) for windows-amd64 JRE (11.0.11+9-b60-7590822), built on Jul 29 2021 21:43:44 by "builder" with MS VC++ 14.0 (VS2015)

END.
